  [1m[35m (0.8ms)[0m  [1m[35mSET NAMES utf8,  @@SESSION.sql_mode = CONCAT(CONCAT(@@sql_mode, ',STRICT_ALL_TABLES'), ',NO_AUTO_VALUE_ON_ZERO'),  @@SESSION.sql_auto_is_null = 0, @@SESSION.wait_timeout = 2147483[0m
  ↳ bin/rails:9
  [1m[35m (3.8ms)[0m  [1m[35mCREATE DATABASE `our_blog_development` DEFAULT CHARACTER SET `utf8`[0m
  ↳ bin/rails:9
  [1m[35m (0.2ms)[0m  [1m[35mSET NAMES utf8,  @@SESSION.sql_mode = CONCAT(CONCAT(@@sql_mode, ',STRICT_ALL_TABLES'), ',NO_AUTO_VALUE_ON_ZERO'),  @@SESSION.sql_auto_is_null = 0, @@SESSION.wait_timeout = 2147483[0m
  ↳ bin/rails:9
  [1m[35m (0.6ms)[0m  [1m[35mCREATE DATABASE `our_blog_test` DEFAULT CHARACTER SET `utf8`[0m
  ↳ bin/rails:9
Started GET "/" for ::1 at 2020-05-04 21:27:39 +0900
  [1m[35m (0.3ms)[0m  [1m[35mSET NAMES utf8,  @@SESSION.sql_mode = CONCAT(CONCAT(@@sql_mode, ',STRICT_ALL_TABLES'), ',NO_AUTO_VALUE_ON_ZERO'),  @@SESSION.sql_auto_is_null = 0, @@SESSION.wait_timeout = 2147483[0m
  ↳ /Users/yoshidahayata/.rbenv/versions/2.5.1/lib/ruby/gems/2.5.0/gems/activerecord-5.2.4.2/lib/active_record/log_subscriber.rb:98
Processing by Rails::WelcomeController#index as HTML
  Rendering /Users/yoshidahayata/.rbenv/versions/2.5.1/lib/ruby/gems/2.5.0/gems/railties-5.2.4.2/lib/rails/templates/rails/welcome/index.html.erb
  Rendered /Users/yoshidahayata/.rbenv/versions/2.5.1/lib/ruby/gems/2.5.0/gems/railties-5.2.4.2/lib/rails/templates/rails/welcome/index.html.erb (4.7ms)
Completed 200 OK in 29ms (Views: 16.4ms | ActiveRecord: 0.0ms)


Started GET "/" for ::1 at 2020-05-04 21:40:18 +0900
  [1m[35m (0.5ms)[0m  [1m[35mSET NAMES utf8,  @@SESSION.sql_mode = CONCAT(CONCAT(@@sql_mode, ',STRICT_ALL_TABLES'), ',NO_AUTO_VALUE_ON_ZERO'),  @@SESSION.sql_auto_is_null = 0, @@SESSION.wait_timeout = 2147483[0m
  ↳ /Users/yoshidahayata/.rbenv/versions/2.5.1/lib/ruby/gems/2.5.0/gems/activerecord-5.2.4.2/lib/active_record/log_subscriber.rb:98
Processing by Rails::WelcomeController#index as HTML
  Rendering /Users/yoshidahayata/.rbenv/versions/2.5.1/lib/ruby/gems/2.5.0/gems/railties-5.2.4.2/lib/rails/templates/rails/welcome/index.html.erb
  Rendered /Users/yoshidahayata/.rbenv/versions/2.5.1/lib/ruby/gems/2.5.0/gems/railties-5.2.4.2/lib/rails/templates/rails/welcome/index.html.erb (3.0ms)
Completed 200 OK in 15ms (Views: 7.8ms | ActiveRecord: 0.0ms)


Started GET "/" for ::1 at 2020-05-04 21:41:55 +0900
  [1m[35m (0.3ms)[0m  [1m[35mSET NAMES utf8,  @@SESSION.sql_mode = CONCAT(CONCAT(@@sql_mode, ',STRICT_ALL_TABLES'), ',NO_AUTO_VALUE_ON_ZERO'),  @@SESSION.sql_auto_is_null = 0, @@SESSION.wait_timeout = 2147483[0m
  ↳ /Users/yoshidahayata/.rbenv/versions/2.5.1/lib/ruby/gems/2.5.0/gems/activerecord-5.2.4.2/lib/active_record/log_subscriber.rb:98
Processing by Rails::WelcomeController#index as HTML
  Rendering /Users/yoshidahayata/.rbenv/versions/2.5.1/lib/ruby/gems/2.5.0/gems/railties-5.2.4.2/lib/rails/templates/rails/welcome/index.html.erb
  Rendered /Users/yoshidahayata/.rbenv/versions/2.5.1/lib/ruby/gems/2.5.0/gems/railties-5.2.4.2/lib/rails/templates/rails/welcome/index.html.erb (3.7ms)
Completed 200 OK in 22ms (Views: 12.5ms | ActiveRecord: 0.0ms)


  [1m[35m (0.3ms)[0m  [1m[35mSET NAMES utf8,  @@SESSION.sql_mode = CONCAT(CONCAT(@@sql_mode, ',STRICT_ALL_TABLES'), ',NO_AUTO_VALUE_ON_ZERO'),  @@SESSION.sql_auto_is_null = 0, @@SESSION.wait_timeout = 2147483[0m
  ↳ bin/rails:9
  [1m[35m (15.9ms)[0m  [1m[35mCREATE TABLE `schema_migrations` (`version` varchar(255) NOT NULL PRIMARY KEY)[0m
  ↳ bin/rails:9
  [1m[35m (36.6ms)[0m  [1m[35mCREATE TABLE `ar_internal_metadata` (`key` varchar(255) NOT NULL PRIMARY KEY, `value` varchar(255), `created_at` datetime NOT NULL, `updated_at` datetime NOT NULL)[0m
  ↳ bin/rails:9
  [1m[35m (0.2ms)[0m  [1m[34mSELECT GET_LOCK('6046076519354253375', 0)[0m
  ↳ bin/rails:9
  [1m[35m (24.7ms)[0m  [1m[34mSELECT `schema_migrations`.`version` FROM `schema_migrations` ORDER BY `schema_migrations`.`version` ASC[0m
  ↳ bin/rails:9
Migrating to CreatePosts (20200504124343)
  [1m[35m (8.6ms)[0m  [1m[35mCREATE TABLE `posts` (`id` bigint NOT NULL AUTO_INCREMENT PRIMARY KEY, `title` text, `content` text, `created_at` datetime NOT NULL, `updated_at` datetime NOT NULL)[0m
  ↳ db/migrate/20200504124343_create_posts.rb:3
  [1m[35m (0.2ms)[0m  [1m[35mBEGIN[0m
  ↳ bin/rails:9
  [1m[36mActiveRecord::SchemaMigration Create (1.2ms)[0m  [1m[32mINSERT INTO `schema_migrations` (`version`) VALUES ('20200504124343')[0m
  ↳ bin/rails:9
  [1m[35m (0.5ms)[0m  [1m[35mCOMMIT[0m
  ↳ bin/rails:9
  [1m[36mActiveRecord::InternalMetadata Load (23.8ms)[0m  [1m[34mSELECT  `ar_internal_metadata`.* FROM `ar_internal_metadata` WHERE `ar_internal_metadata`.`key` = 'environment' LIMIT 1[0m
  ↳ bin/rails:9
  [1m[35m (0.2ms)[0m  [1m[35mBEGIN[0m
  ↳ bin/rails:9
  [1m[36mActiveRecord::InternalMetadata Create (1.3ms)[0m  [1m[32mINSERT INTO `ar_internal_metadata` (`key`, `value`, `created_at`, `updated_at`) VALUES ('environment', 'development', '2020-05-04 12:44:36', '2020-05-04 12:44:36')[0m
  ↳ bin/rails:9
  [1m[35m (0.7ms)[0m  [1m[35mCOMMIT[0m
  ↳ bin/rails:9
  [1m[35m (0.2ms)[0m  [1m[34mSELECT RELEASE_LOCK('6046076519354253375')[0m
  ↳ bin/rails:9
  [1m[35m (0.2ms)[0m  [1m[34mSELECT `schema_migrations`.`version` FROM `schema_migrations` ORDER BY `schema_migrations`.`version` ASC[0m
  ↳ bin/rails:9
  [1m[35m (0.4ms)[0m  [1m[35mSET NAMES utf8,  @@SESSION.sql_mode = CONCAT(CONCAT(@@sql_mode, ',STRICT_ALL_TABLES'), ',NO_AUTO_VALUE_ON_ZERO'),  @@SESSION.sql_auto_is_null = 0, @@SESSION.wait_timeout = 2147483[0m
  ↳ bin/rails:9
  [1m[35m (0.4ms)[0m  [1m[34mSELECT `schema_migrations`.`version` FROM `schema_migrations` ORDER BY `schema_migrations`.`version` ASC[0m
  ↳ bin/rails:9
Started GET "/" for ::1 at 2020-05-04 21:50:24 +0900
  [1m[35m (0.3ms)[0m  [1m[35mSET NAMES utf8,  @@SESSION.sql_mode = CONCAT(CONCAT(@@sql_mode, ',STRICT_ALL_TABLES'), ',NO_AUTO_VALUE_ON_ZERO'),  @@SESSION.sql_auto_is_null = 0, @@SESSION.wait_timeout = 2147483[0m
  ↳ /Users/yoshidahayata/.rbenv/versions/2.5.1/lib/ruby/gems/2.5.0/gems/activerecord-5.2.4.2/lib/active_record/log_subscriber.rb:98
  [1m[35m (0.3ms)[0m  [1m[34mSELECT `schema_migrations`.`version` FROM `schema_migrations` ORDER BY `schema_migrations`.`version` ASC[0m
  ↳ /Users/yoshidahayata/.rbenv/versions/2.5.1/lib/ruby/gems/2.5.0/gems/activerecord-5.2.4.2/lib/active_record/log_subscriber.rb:98
Processing by PostsController#index as HTML
  Rendering posts/index.html.erb within layouts/application
  [1m[36mPost Load (17.2ms)[0m  [1m[34mSELECT `posts`.* FROM `posts`[0m
  ↳ app/views/posts/index.html.erb:1
  Rendered posts/index.html.erb within layouts/application (36.1ms)
Completed 200 OK in 611ms (Views: 579.8ms | ActiveRecord: 23.8ms)


Started GET "/" for ::1 at 2020-05-04 21:51:20 +0900
Processing by PostsController#index as HTML
  Rendering posts/index.html.erb within layouts/application
  [1m[36mPost Load (0.3ms)[0m  [1m[34mSELECT `posts`.* FROM `posts`[0m
  ↳ app/views/posts/index.html.erb:1
  Rendered posts/index.html.erb within layouts/application (2.3ms)
Completed 200 OK in 44ms (Views: 38.9ms | ActiveRecord: 0.3ms)


Started GET "/" for ::1 at 2020-05-04 22:13:55 +0900
  [1m[35m (0.3ms)[0m  [1m[35mSET NAMES utf8,  @@SESSION.sql_mode = CONCAT(CONCAT(@@sql_mode, ',STRICT_ALL_TABLES'), ',NO_AUTO_VALUE_ON_ZERO'),  @@SESSION.sql_auto_is_null = 0, @@SESSION.wait_timeout = 2147483[0m
  ↳ /Users/yoshidahayata/.rbenv/versions/2.5.1/lib/ruby/gems/2.5.0/gems/activerecord-5.2.4.2/lib/active_record/log_subscriber.rb:98
Processing by PostsController#index as HTML
  Rendering posts/index.html.erb within layouts/application
  [1m[36mPost Load (0.3ms)[0m  [1m[34mSELECT `posts`.* FROM `posts`[0m
  ↳ app/views/posts/index.html.erb:1
  Rendered posts/index.html.erb within layouts/application (2.0ms)
Completed 200 OK in 59ms (Views: 54.2ms | ActiveRecord: 0.3ms)


Started GET "/" for ::1 at 2020-05-04 22:19:19 +0900
  [1m[35m (0.3ms)[0m  [1m[35mSET NAMES utf8,  @@SESSION.sql_mode = CONCAT(CONCAT(@@sql_mode, ',STRICT_ALL_TABLES'), ',NO_AUTO_VALUE_ON_ZERO'),  @@SESSION.sql_auto_is_null = 0, @@SESSION.wait_timeout = 2147483[0m
  ↳ /Users/yoshidahayata/.rbenv/versions/2.5.1/lib/ruby/gems/2.5.0/gems/activerecord-5.2.4.2/lib/active_record/log_subscriber.rb:98
Processing by PostsController#index as HTML
  Rendering posts/index.html.erb within layouts/application
  [1m[36mPost Load (0.3ms)[0m  [1m[34mSELECT `posts`.* FROM `posts`[0m
  ↳ app/views/posts/index.html.erb:1
  Rendered posts/index.html.erb within layouts/application (1.8ms)
Completed 200 OK in 119ms (Views: 113.5ms | ActiveRecord: 0.3ms)


Started GET "/" for ::1 at 2020-05-04 22:41:30 +0900
  [1m[35m (0.3ms)[0m  [1m[35mSET NAMES utf8,  @@SESSION.sql_mode = CONCAT(CONCAT(@@sql_mode, ',STRICT_ALL_TABLES'), ',NO_AUTO_VALUE_ON_ZERO'),  @@SESSION.sql_auto_is_null = 0, @@SESSION.wait_timeout = 2147483[0m
  ↳ /Users/yoshidahayata/.rbenv/versions/2.5.1/lib/ruby/gems/2.5.0/gems/activerecord-5.2.4.2/lib/active_record/log_subscriber.rb:98
Processing by PostsController#index as HTML
  Rendering posts/index.html.erb within layouts/application
  [1m[36mPost Load (0.3ms)[0m  [1m[34mSELECT `posts`.* FROM `posts`[0m
  ↳ app/views/posts/index.html.erb:1
  Rendered posts/index.html.erb within layouts/application (2.0ms)
Completed 200 OK in 66ms (Views: 60.7ms | ActiveRecord: 0.3ms)


Started GET "/" for ::1 at 2020-05-05 00:26:50 +0900
  [1m[35m (3.3ms)[0m  [1m[35mSET NAMES utf8,  @@SESSION.sql_mode = CONCAT(CONCAT(@@sql_mode, ',STRICT_ALL_TABLES'), ',NO_AUTO_VALUE_ON_ZERO'),  @@SESSION.sql_auto_is_null = 0, @@SESSION.wait_timeout = 2147483[0m
  ↳ /Users/yoshidahayata/.rbenv/versions/2.5.1/lib/ruby/gems/2.5.0/gems/activerecord-5.2.4.2/lib/active_record/log_subscriber.rb:98
Processing by PostsController#index as HTML
  Rendering posts/index.html.erb within layouts/application
  [1m[36mPost Load (0.5ms)[0m  [1m[34mSELECT `posts`.* FROM `posts`[0m
  ↳ app/views/posts/index.html.erb:1
  Rendered posts/index.html.erb within layouts/application (9.9ms)
Completed 200 OK in 235ms (Views: 219.6ms | ActiveRecord: 0.5ms)


Started GET "/" for ::1 at 2020-05-05 00:26:53 +0900
Processing by PostsController#index as HTML
  Rendering posts/index.html.erb within layouts/application
  [1m[36mPost Load (0.4ms)[0m  [1m[34mSELECT `posts`.* FROM `posts`[0m
  ↳ app/views/posts/index.html.erb:1
  Rendered posts/index.html.erb within layouts/application (1.7ms)
Completed 200 OK in 37ms (Views: 32.7ms | ActiveRecord: 0.4ms)


Started GET "/" for ::1 at 2020-05-05 00:27:16 +0900
Processing by PostsController#index as HTML
  Rendering posts/index.html.erb within layouts/application
  [1m[36mPost Load (0.3ms)[0m  [1m[34mSELECT `posts`.* FROM `posts`[0m
  ↳ app/views/posts/index.html.erb:1
  Rendered posts/index.html.erb within layouts/application (1.9ms)
Completed 200 OK in 53ms (Views: 46.7ms | ActiveRecord: 0.3ms)


Started GET "/" for ::1 at 2020-05-05 00:27:18 +0900
Processing by PostsController#index as HTML
  Rendering posts/index.html.erb within layouts/application
  [1m[36mPost Load (0.3ms)[0m  [1m[34mSELECT `posts`.* FROM `posts`[0m
  ↳ app/views/posts/index.html.erb:1
  Rendered posts/index.html.erb within layouts/application (2.1ms)
Completed 200 OK in 43ms (Views: 38.7ms | ActiveRecord: 0.3ms)


Started GET "/" for ::1 at 2020-05-05 00:30:08 +0900
Processing by PostsController#index as HTML
  Rendering posts/index.html.erb within layouts/application
  [1m[36mPost Load (0.3ms)[0m  [1m[34mSELECT `posts`.* FROM `posts`[0m
  ↳ app/views/posts/index.html.erb:1
  Rendered posts/index.html.erb within layouts/application (1.9ms)
Completed 200 OK in 344ms (Views: 340.1ms | ActiveRecord: 0.3ms)


Started GET "/posts/new" for ::1 at 2020-05-05 03:40:36 +0900
  [1m[35m (0.8ms)[0m  [1m[35mSET NAMES utf8,  @@SESSION.sql_mode = CONCAT(CONCAT(@@sql_mode, ',STRICT_ALL_TABLES'), ',NO_AUTO_VALUE_ON_ZERO'),  @@SESSION.sql_auto_is_null = 0, @@SESSION.wait_timeout = 2147483[0m
  ↳ /Users/yoshidahayata/.rbenv/versions/2.5.1/lib/ruby/gems/2.5.0/gems/activerecord-5.2.4.2/lib/active_record/log_subscriber.rb:98
Processing by PostsController#new as HTML
  Rendering posts/new.html.erb within layouts/application
  Rendered posts/new.html.erb within layouts/application (0.5ms)
Completed 200 OK in 98ms (Views: 91.8ms | ActiveRecord: 0.0ms)


Started GET "/" for ::1 at 2020-05-05 03:42:54 +0900
Processing by PostsController#index as HTML
  Rendering posts/index.html.erb within layouts/application
  [1m[36mPost Load (0.7ms)[0m  [1m[34mSELECT `posts`.* FROM `posts`[0m
  ↳ app/views/posts/index.html.erb:1
  Rendered posts/index.html.erb within layouts/application (13.8ms)
Completed 200 OK in 58ms (Views: 32.5ms | ActiveRecord: 4.8ms)


Started GET "/posts/new" for ::1 at 2020-05-05 03:42:56 +0900
Processing by PostsController#new as HTML
  Rendering posts/new.html.erb within layouts/application
  Rendered posts/new.html.erb within layouts/application (0.5ms)
Completed 200 OK in 43ms (Views: 37.3ms | ActiveRecord: 0.0ms)


Started GET "/" for ::1 at 2020-05-05 03:42:57 +0900
Processing by PostsController#index as HTML
  Rendering posts/index.html.erb within layouts/application
  [1m[36mPost Load (0.5ms)[0m  [1m[34mSELECT `posts`.* FROM `posts`[0m
  ↳ app/views/posts/index.html.erb:1
  Rendered posts/index.html.erb within layouts/application (3.1ms)
Completed 200 OK in 43ms (Views: 37.8ms | ActiveRecord: 0.5ms)


Started GET "/" for ::1 at 2020-05-05 03:45:45 +0900
Processing by PostsController#index as HTML
  Rendering posts/index.html.erb within layouts/application
  [1m[36mPost Load (0.4ms)[0m  [1m[34mSELECT `posts`.* FROM `posts`[0m
  ↳ app/views/posts/index.html.erb:1
  Rendered posts/index.html.erb within layouts/application (1.7ms)
Completed 200 OK in 34ms (Views: 30.0ms | ActiveRecord: 0.4ms)


Started GET "/posts/new" for ::1 at 2020-05-05 03:45:47 +0900
Processing by PostsController#new as HTML
  Rendering posts/new.html.erb within layouts/application
  Rendered posts/new.html.erb within layouts/application (0.6ms)
Completed 200 OK in 38ms (Views: 32.6ms | ActiveRecord: 0.0ms)


Started GET "/" for ::1 at 2020-05-05 03:45:48 +0900
Processing by PostsController#index as HTML
  Rendering posts/index.html.erb within layouts/application
  [1m[36mPost Load (2.5ms)[0m  [1m[34mSELECT `posts`.* FROM `posts`[0m
  ↳ app/views/posts/index.html.erb:1
  Rendered posts/index.html.erb within layouts/application (5.4ms)
Completed 200 OK in 43ms (Views: 34.7ms | ActiveRecord: 2.5ms)


Started GET "/" for ::1 at 2020-05-05 03:51:45 +0900
  [1m[35m (0.3ms)[0m  [1m[35mSET NAMES utf8,  @@SESSION.sql_mode = CONCAT(CONCAT(@@sql_mode, ',STRICT_ALL_TABLES'), ',NO_AUTO_VALUE_ON_ZERO'),  @@SESSION.sql_auto_is_null = 0, @@SESSION.wait_timeout = 2147483[0m
  ↳ /Users/yoshidahayata/.rbenv/versions/2.5.1/lib/ruby/gems/2.5.0/gems/activerecord-5.2.4.2/lib/active_record/log_subscriber.rb:98
Processing by PostsController#index as HTML
  Rendering posts/index.html.erb within layouts/application
  [1m[36mPost Load (0.4ms)[0m  [1m[34mSELECT `posts`.* FROM `posts`[0m
  ↳ app/views/posts/index.html.erb:1
  Rendered posts/index.html.erb within layouts/application (17.1ms)
Completed 200 OK in 46ms (Views: 36.3ms | ActiveRecord: 5.1ms)


Started GET "/posts/new" for ::1 at 2020-05-05 03:51:51 +0900
Processing by PostsController#new as HTML
  Rendering posts/new.html.erb within layouts/application
  Rendered posts/new.html.erb within layouts/application (33.1ms)
Completed 200 OK in 65ms (Views: 58.4ms | ActiveRecord: 0.0ms)


Started POST "/posts" for ::1 at 2020-05-05 03:58:42 +0900
  [1m[35m (0.2ms)[0m  [1m[35mSET NAMES utf8,  @@SESSION.sql_mode = CONCAT(CONCAT(@@sql_mode, ',STRICT_ALL_TABLES'), ',NO_AUTO_VALUE_ON_ZERO'),  @@SESSION.sql_auto_is_null = 0, @@SESSION.wait_timeout = 2147483[0m
  ↳ /Users/yoshidahayata/.rbenv/versions/2.5.1/lib/ruby/gems/2.5.0/gems/activerecord-5.2.4.2/lib/active_record/log_subscriber.rb:98
Processing by PostsController#create as HTML
  Parameters: {"utf8"=>"✓", "authenticity_token"=>"8WMjRMBcnAFPmhqB4SV/nbc8hR6cQl4zGq2GyJ6VnZlcYmevpkM3gsxrCxVRaoYFIXjZjy0iSd7N1oXxYZKmGw==", "post"=>{"title"=>"testです", "content"=>"テストです"}, "commit"=>"投稿する"}
  [1m[35m (0.2ms)[0m  [1m[35mBEGIN[0m
  ↳ app/controllers/posts_controller.rb:12
  [1m[36mPost Create (0.4ms)[0m  [1m[32mINSERT INTO `posts` (`title`, `content`, `created_at`, `updated_at`) VALUES ('testです', 'テストです', '2020-05-04 18:58:42', '2020-05-04 18:58:42')[0m
  ↳ app/controllers/posts_controller.rb:12
  [1m[35m (3.1ms)[0m  [1m[35mCOMMIT[0m
  ↳ app/controllers/posts_controller.rb:12
Redirected to http://localhost:3000/
Completed 302 Found in 29ms (ActiveRecord: 6.9ms)


Started GET "/" for ::1 at 2020-05-05 03:58:42 +0900
Processing by PostsController#index as HTML
  Rendering posts/index.html.erb within layouts/application
  [1m[36mPost Load (0.3ms)[0m  [1m[34mSELECT `posts`.* FROM `posts`[0m
  ↳ app/views/posts/index.html.erb:1
  Rendered posts/index.html.erb within layouts/application (2.5ms)
Completed 200 OK in 44ms (Views: 40.1ms | ActiveRecord: 0.3ms)


Started GET "/posts/new" for ::1 at 2020-05-05 03:58:58 +0900
Processing by PostsController#new as HTML
  Rendering posts/new.html.erb within layouts/application
  Rendered posts/new.html.erb within layouts/application (2.8ms)
Completed 200 OK in 52ms (Views: 46.0ms | ActiveRecord: 0.0ms)


Started POST "/posts" for ::1 at 2020-05-05 03:59:00 +0900
Processing by PostsController#create as HTML
  Parameters: {"utf8"=>"✓", "authenticity_token"=>"yklQPxY/qzDHlG2wZ7p7HqTcSlb//wGxH85yHsgKFUhnSBTUcCAAs0RlfCTX9YKGMpgWx06fFlzItXEnNw0uyg==", "post"=>{"title"=>"", "content"=>""}, "commit"=>"投稿する"}
  [1m[35m (0.4ms)[0m  [1m[35mBEGIN[0m
  ↳ app/controllers/posts_controller.rb:12
  [1m[36mPost Create (0.4ms)[0m  [1m[32mINSERT INTO `posts` (`title`, `content`, `created_at`, `updated_at`) VALUES ('', '', '2020-05-04 18:59:00', '2020-05-04 18:59:00')[0m
  ↳ app/controllers/posts_controller.rb:12
  [1m[35m (0.6ms)[0m  [1m[35mCOMMIT[0m
  ↳ app/controllers/posts_controller.rb:12
Redirected to http://localhost:3000/
Completed 302 Found in 8ms (ActiveRecord: 1.3ms)


Started GET "/" for ::1 at 2020-05-05 03:59:00 +0900
Processing by PostsController#index as HTML
  Rendering posts/index.html.erb within layouts/application
  [1m[36mPost Load (0.4ms)[0m  [1m[34mSELECT `posts`.* FROM `posts`[0m
  ↳ app/views/posts/index.html.erb:1
  Rendered posts/index.html.erb within layouts/application (1.8ms)
Completed 200 OK in 32ms (Views: 28.4ms | ActiveRecord: 0.4ms)


Started GET "/posts/new" for ::1 at 2020-05-05 04:01:22 +0900
Processing by PostsController#new as HTML
Completed 500 Internal Server Error in 17ms (ActiveRecord: 3.8ms)


  
NameError (undefined local variable or method `true　' for #<Class:0x00007fa2a9ce2c48>
Did you mean?  true):
  
app/models/post.rb:2:in `<class:Post>'
app/models/post.rb:1:in `<top (required)>'
app/controllers/posts_controller.rb:8:in `new'
Started GET "/posts/new" for ::1 at 2020-05-05 04:02:20 +0900
Processing by PostsController#new as HTML
  Rendering posts/new.html.erb within layouts/application
  Rendered posts/new.html.erb within layouts/application (2.3ms)
Completed 200 OK in 41ms (Views: 26.9ms | ActiveRecord: 2.8ms)


Started POST "/posts" for ::1 at 2020-05-05 04:02:23 +0900
Processing by PostsController#create as HTML
  Parameters: {"utf8"=>"✓", "authenticity_token"=>"p/OYuB2QHWqq7ilIAKz+wMS+vNUD+wmCuW2q7Wc9RUmQpBEljRvOU8kwGzsahExK7Q5FxWQtSoJjurDgek/zgA==", "post"=>{"title"=>"", "content"=>""}, "commit"=>"投稿する"}
  [1m[35m (0.3ms)[0m  [1m[35mBEGIN[0m
  ↳ app/controllers/posts_controller.rb:12
  [1m[35m (0.2ms)[0m  [1m[31mROLLBACK[0m
  ↳ app/controllers/posts_controller.rb:12
Redirected to http://localhost:3000/
Completed 302 Found in 7ms (ActiveRecord: 0.5ms)


Started GET "/" for ::1 at 2020-05-05 04:02:23 +0900
Processing by PostsController#index as HTML
  Rendering posts/index.html.erb within layouts/application
  [1m[36mPost Load (0.3ms)[0m  [1m[34mSELECT `posts`.* FROM `posts`[0m
  ↳ app/views/posts/index.html.erb:1
  Rendered posts/index.html.erb within layouts/application (2.3ms)
Completed 200 OK in 31ms (Views: 27.1ms | ActiveRecord: 0.3ms)


Started GET "/posts/new" for ::1 at 2020-05-05 04:02:25 +0900
Processing by PostsController#new as HTML
  Rendering posts/new.html.erb within layouts/application
  Rendered posts/new.html.erb within layouts/application (2.6ms)
Completed 200 OK in 41ms (Views: 38.4ms | ActiveRecord: 0.0ms)


Started POST "/posts" for ::1 at 2020-05-05 04:03:11 +0900
Processing by PostsController#create as HTML
  Parameters: {"utf8"=>"✓", "authenticity_token"=>"8BBgoh/nualecYcN0ehSo5mtWkZZvbc5Ssa3/Jn/3C9dESRJefgSKt2Alplhp6s7D+kG1+jdoNSdvbTFZvjnrQ==", "post"=>{"title"=>"", "content"=>""}, "commit"=>"投稿する"}
Completed 500 Internal Server Error in 19ms (ActiveRecord: 3.3ms)


  
NameError (undefined local variable or method `true　' for #<Class:0x00007fa2aa391b48>
Did you mean?  true):
  
app/models/post.rb:2:in `<class:Post>'
app/models/post.rb:1:in `<top (required)>'
app/controllers/posts_controller.rb:12:in `create'
Started POST "/posts" for ::1 at 2020-05-05 04:03:25 +0900
Processing by PostsController#create as HTML
  Parameters: {"utf8"=>"✓", "authenticity_token"=>"8BBgoh/nualecYcN0ehSo5mtWkZZvbc5Ssa3/Jn/3C9dESRJefgSKt2Alplhp6s7D+kG1+jdoNSdvbTFZvjnrQ==", "post"=>{"title"=>"", "content"=>""}, "commit"=>"投稿する"}
Completed 500 Internal Server Error in 21ms (ActiveRecord: 2.8ms)


  
NameError (undefined local variable or method `true　　' for #<Class:0x00007fa2aa5ad3a0>
Did you mean?  true):
  
app/models/post.rb:2:in `<class:Post>'
app/models/post.rb:1:in `<top (required)>'
app/controllers/posts_controller.rb:12:in `create'
Started POST "/posts" for ::1 at 2020-05-05 04:03:54 +0900
Processing by PostsController#create as HTML
  Parameters: {"utf8"=>"✓", "authenticity_token"=>"8BBgoh/nualecYcN0ehSo5mtWkZZvbc5Ssa3/Jn/3C9dESRJefgSKt2Alplhp6s7D+kG1+jdoNSdvbTFZvjnrQ==", "post"=>{"title"=>"", "content"=>""}, "commit"=>"投稿する"}
Completed 500 Internal Server Error in 23ms (ActiveRecord: 7.5ms)


  
NameError (undefined local variable or method `true　　' for #<Class:0x00007fa2aa24ad70>
Did you mean?  true):
  
app/models/post.rb:2:in `<class:Post>'
app/models/post.rb:1:in `<top (required)>'
app/controllers/posts_controller.rb:12:in `create'
Started POST "/posts" for ::1 at 2020-05-05 04:03:59 +0900
Processing by PostsController#create as HTML
  Parameters: {"utf8"=>"✓", "authenticity_token"=>"8BBgoh/nualecYcN0ehSo5mtWkZZvbc5Ssa3/Jn/3C9dESRJefgSKt2Alplhp6s7D+kG1+jdoNSdvbTFZvjnrQ==", "post"=>{"title"=>"", "content"=>""}, "commit"=>"投稿する"}
Completed 500 Internal Server Error in 16ms (ActiveRecord: 0.0ms)


  
NameError (undefined local variable or method `true　　' for #<Class:0x00007fa2aa4ac410>
Did you mean?  true):
  
app/models/post.rb:2:in `<class:Post>'
app/models/post.rb:1:in `<top (required)>'
app/controllers/posts_controller.rb:12:in `create'
Started POST "/posts" for ::1 at 2020-05-05 04:04:38 +0900
Processing by PostsController#create as HTML
  Parameters: {"utf8"=>"✓", "authenticity_token"=>"8BBgoh/nualecYcN0ehSo5mtWkZZvbc5Ssa3/Jn/3C9dESRJefgSKt2Alplhp6s7D+kG1+jdoNSdvbTFZvjnrQ==", "post"=>{"title"=>"", "content"=>""}, "commit"=>"投稿する"}
Completed 500 Internal Server Error in 20ms (ActiveRecord: 4.7ms)


  
NameError (undefined local variable or method `true　　' for #<Class:0x00007fa2a46a53d0>
Did you mean?  true):
  
app/models/post.rb:2:in `<class:Post>'
app/models/post.rb:1:in `<top (required)>'
app/controllers/posts_controller.rb:12:in `create'
Started POST "/posts" for ::1 at 2020-05-05 04:04:57 +0900
Processing by PostsController#create as HTML
  Parameters: {"utf8"=>"✓", "authenticity_token"=>"8BBgoh/nualecYcN0ehSo5mtWkZZvbc5Ssa3/Jn/3C9dESRJefgSKt2Alplhp6s7D+kG1+jdoNSdvbTFZvjnrQ==", "post"=>{"title"=>"", "content"=>""}, "commit"=>"投稿する"}
Completed 500 Internal Server Error in 20ms (ActiveRecord: 3.1ms)


  
NameError (undefined local variable or method `true　　' for #<Class:0x00007fa2a5283cb0>
Did you mean?  true):
  
app/models/post.rb:2:in `<class:Post>'
app/models/post.rb:1:in `<top (required)>'
app/controllers/posts_controller.rb:12:in `create'
Started POST "/posts" for ::1 at 2020-05-05 04:05:00 +0900
Processing by PostsController#create as HTML
  Parameters: {"utf8"=>"✓", "authenticity_token"=>"8BBgoh/nualecYcN0ehSo5mtWkZZvbc5Ssa3/Jn/3C9dESRJefgSKt2Alplhp6s7D+kG1+jdoNSdvbTFZvjnrQ==", "post"=>{"title"=>"", "content"=>""}, "commit"=>"投稿する"}
Completed 500 Internal Server Error in 16ms (ActiveRecord: 0.0ms)


  
NameError (undefined local variable or method `true　　' for #<Class:0x00007fa2a63d9500>
Did you mean?  true):
  
app/models/post.rb:2:in `<class:Post>'
app/models/post.rb:1:in `<top (required)>'
app/controllers/posts_controller.rb:12:in `create'
Started POST "/posts" for ::1 at 2020-05-05 04:05:04 +0900
Processing by PostsController#create as HTML
  Parameters: {"utf8"=>"✓", "authenticity_token"=>"8BBgoh/nualecYcN0ehSo5mtWkZZvbc5Ssa3/Jn/3C9dESRJefgSKt2Alplhp6s7D+kG1+jdoNSdvbTFZvjnrQ==", "post"=>{"title"=>"", "content"=>""}, "commit"=>"投稿する"}
Completed 500 Internal Server Error in 17ms (ActiveRecord: 0.0ms)


  
NameError (undefined local variable or method `true　　' for #<Class:0x00007fa2aa1ca4e0>
Did you mean?  true):
  
app/models/post.rb:2:in `<class:Post>'
app/models/post.rb:1:in `<top (required)>'
app/controllers/posts_controller.rb:12:in `create'
Started POST "/posts" for ::1 at 2020-05-05 04:05:11 +0900
Processing by PostsController#create as HTML
  Parameters: {"utf8"=>"✓", "authenticity_token"=>"447fKLXpMh//LZe/Kr4Mi8bKgrEMCds6+NOcRUe6lMHU2Va1JWLhJpzzpcwwlr4B73p7oWvfmDoiBIZIWsgiCA==", "post"=>{"title"=>"", "content"=>""}, "commit"=>"投稿する"}
Completed 500 Internal Server Error in 26ms (ActiveRecord: 0.0ms)


  
NameError (undefined local variable or method `true　　' for #<Class:0x00007fa2a532d260>
Did you mean?  true):
  
app/models/post.rb:2:in `<class:Post>'
app/models/post.rb:1:in `<top (required)>'
app/controllers/posts_controller.rb:12:in `create'
Started POST "/posts" for ::1 at 2020-05-05 04:05:28 +0900
Processing by PostsController#create as HTML
  Parameters: {"utf8"=>"✓", "authenticity_token"=>"447fKLXpMh//LZe/Kr4Mi8bKgrEMCds6+NOcRUe6lMHU2Va1JWLhJpzzpcwwlr4B73p7oWvfmDoiBIZIWsgiCA==", "post"=>{"title"=>"", "content"=>""}, "commit"=>"投稿する"}
Completed 500 Internal Server Error in 25ms (ActiveRecord: 4.1ms)


  
NameError (undefined local variable or method `true　' for #<Class:0x00007fa2a4ec56c8>
Did you mean?  true):
  
app/models/post.rb:2:in `<class:Post>'
app/models/post.rb:1:in `<top (required)>'
app/controllers/posts_controller.rb:12:in `create'
Started GET "/posts/new" for ::1 at 2020-05-05 04:05:36 +0900
Processing by PostsController#new as HTML
Completed 500 Internal Server Error in 16ms (ActiveRecord: 0.0ms)


  
NameError (undefined local variable or method `true　' for #<Class:0x00007fa2a62c5c40>
Did you mean?  true):
  
app/models/post.rb:2:in `<class:Post>'
app/models/post.rb:1:in `<top (required)>'
app/controllers/posts_controller.rb:8:in `new'
Started GET "/posts/new" for ::1 at 2020-05-05 04:06:05 +0900
Processing by PostsController#new as HTML
  Rendering posts/new.html.erb within layouts/application
  Rendered posts/new.html.erb within layouts/application (2.3ms)
Completed 200 OK in 40ms (Views: 26.9ms | ActiveRecord: 3.3ms)


Started POST "/posts" for ::1 at 2020-05-05 04:06:07 +0900
Processing by PostsController#create as HTML
  Parameters: {"utf8"=>"✓", "authenticity_token"=>"u8VeVQq0Yxx50a+ZEb5/5IgU5QRNAayDq1H0djr2ieOMktfImj+wJRoPneoLls1uoaQcFCrX74Nxhu57J4Q/Kg==", "post"=>{"title"=>"", "content"=>""}, "commit"=>"投稿する"}
  [1m[35m (0.2ms)[0m  [1m[35mBEGIN[0m
  ↳ app/controllers/posts_controller.rb:12
  [1m[35m (0.3ms)[0m  [1m[31mROLLBACK[0m
  ↳ app/controllers/posts_controller.rb:12
Redirected to http://localhost:3000/
Completed 302 Found in 6ms (ActiveRecord: 0.5ms)


Started GET "/" for ::1 at 2020-05-05 04:06:08 +0900
Processing by PostsController#index as HTML
  Rendering posts/index.html.erb within layouts/application
  [1m[36mPost Load (0.4ms)[0m  [1m[34mSELECT `posts`.* FROM `posts`[0m
  ↳ app/views/posts/index.html.erb:1
  Rendered posts/index.html.erb within layouts/application (2.4ms)
Completed 200 OK in 32ms (Views: 28.3ms | ActiveRecord: 0.4ms)


Started GET "/posts/new" for ::1 at 2020-05-05 04:06:10 +0900
Processing by PostsController#new as HTML
  Rendering posts/new.html.erb within layouts/application
  Rendered posts/new.html.erb within layouts/application (3.3ms)
Completed 200 OK in 40ms (Views: 34.8ms | ActiveRecord: 0.0ms)


Started POST "/posts" for ::1 at 2020-05-05 04:06:12 +0900
Processing by PostsController#create as HTML
  Parameters: {"utf8"=>"✓", "authenticity_token"=>"2fKXAr2EnmFv64tPIU96fzuJNo7wpB03AFY90i8zPDZ089Pp25s14uwamtuRAIPnrc1qH0HECtrXLT7r0DQHtA==", "post"=>{"title"=>"", "content"=>""}, "commit"=>"投稿する"}
  [1m[35m (1.4ms)[0m  [1m[35mBEGIN[0m
  ↳ app/controllers/posts_controller.rb:12
  [1m[35m (0.2ms)[0m  [1m[31mROLLBACK[0m
  ↳ app/controllers/posts_controller.rb:12
Redirected to http://localhost:3000/
Completed 302 Found in 7ms (ActiveRecord: 1.6ms)


Started GET "/" for ::1 at 2020-05-05 04:06:12 +0900
Processing by PostsController#index as HTML
  Rendering posts/index.html.erb within layouts/application
  [1m[36mPost Load (0.3ms)[0m  [1m[34mSELECT `posts`.* FROM `posts`[0m
  ↳ app/views/posts/index.html.erb:1
  Rendered posts/index.html.erb within layouts/application (1.7ms)
Completed 200 OK in 31ms (Views: 27.4ms | ActiveRecord: 0.3ms)


Started GET "/" for ::1 at 2020-05-17 00:02:45 +0900
  [1m[35m (4.6ms)[0m  [1m[35mSET NAMES utf8,  @@SESSION.sql_mode = CONCAT(CONCAT(@@sql_mode, ',STRICT_ALL_TABLES'), ',NO_AUTO_VALUE_ON_ZERO'),  @@SESSION.sql_auto_is_null = 0, @@SESSION.wait_timeout = 2147483[0m
  ↳ /Users/yoshidahayata/.rbenv/versions/2.5.1/lib/ruby/gems/2.5.0/gems/activerecord-5.2.4.2/lib/active_record/log_subscriber.rb:98
  [1m[35m (0.6ms)[0m  [1m[34mSELECT `schema_migrations`.`version` FROM `schema_migrations` ORDER BY `schema_migrations`.`version` ASC[0m
  ↳ /Users/yoshidahayata/.rbenv/versions/2.5.1/lib/ruby/gems/2.5.0/gems/activerecord-5.2.4.2/lib/active_record/log_subscriber.rb:98
Processing by PostsController#index as HTML
  Rendering posts/index.html.erb within layouts/application
  [1m[36mPost Load (0.6ms)[0m  [1m[34mSELECT `posts`.* FROM `posts`[0m
  ↳ app/views/posts/index.html.erb:1
  Rendered posts/index.html.erb within layouts/application (21.1ms)
Completed 200 OK in 366ms (Views: 346.4ms | ActiveRecord: 6.7ms)


Started GET "/" for ::1 at 2020-05-17 00:02:58 +0900
Processing by PostsController#index as HTML
  Rendering posts/index.html.erb within layouts/application
  [1m[36mPost Load (20.6ms)[0m  [1m[34mSELECT `posts`.* FROM `posts`[0m
  ↳ app/views/posts/index.html.erb:1
  Rendered posts/index.html.erb within layouts/application (23.3ms)
Completed 200 OK in 64ms (Views: 40.7ms | ActiveRecord: 20.6ms)


Started GET "/posts/new" for ::1 at 2020-05-17 00:03:01 +0900
Processing by PostsController#new as HTML
  Rendering posts/new.html.erb within layouts/application
  Rendered posts/new.html.erb within layouts/application (20.8ms)
Completed 200 OK in 69ms (Views: 62.0ms | ActiveRecord: 0.0ms)


Started GET "/" for ::1 at 2020-05-17 00:03:03 +0900
Processing by PostsController#index as HTML
  Rendering posts/index.html.erb within layouts/application
  [1m[36mPost Load (1.8ms)[0m  [1m[34mSELECT `posts`.* FROM `posts`[0m
  ↳ app/views/posts/index.html.erb:1
  Rendered posts/index.html.erb within layouts/application (5.0ms)
Completed 200 OK in 52ms (Views: 43.8ms | ActiveRecord: 1.8ms)


Started GET "/" for ::1 at 2020-05-17 00:03:56 +0900
Processing by PostsController#index as HTML
  Rendering posts/index.html.erb within layouts/application
  [1m[36mPost Load (0.4ms)[0m  [1m[34mSELECT `posts`.* FROM `posts`[0m
  ↳ app/views/posts/index.html.erb:1
  Rendered posts/index.html.erb within layouts/application (1.7ms)
Completed 200 OK in 53ms (Views: 50.5ms | ActiveRecord: 0.4ms)


Started GET "/posts/new" for ::1 at 2020-05-17 00:04:01 +0900
Processing by PostsController#new as HTML
  Rendering posts/new.html.erb within layouts/application
  Rendered posts/new.html.erb within layouts/application (3.3ms)
Completed 200 OK in 50ms (Views: 45.9ms | ActiveRecord: 0.0ms)


Started GET "/" for ::1 at 2020-05-17 00:04:06 +0900
Processing by PostsController#index as HTML
  Rendering posts/index.html.erb within layouts/application
  [1m[36mPost Load (13.4ms)[0m  [1m[34mSELECT `posts`.* FROM `posts`[0m
  ↳ app/views/posts/index.html.erb:1
  Rendered posts/index.html.erb within layouts/application (15.7ms)
Completed 200 OK in 61ms (Views: 39.7ms | ActiveRecord: 13.4ms)


